<?xml version="1.0" encoding="utf-8"?><testsuites name="pytest tests"><testsuite name="pytest" errors="0" failures="0" skipped="0" tests="2" time="4.818" timestamp="2026-08-18T05:36:11.638453+00:00" hostname="agent-env-55548483-6076-47e2-9b67-7b8d9c7bfcd4"><testcase classname="backend.tests.test_lsceo_grant" name="test_happy_path_writes_row_and_readback_matches" time="2.920" /><testcase classname="backend.tests.test_lsceo_grant" name="test_endpoint_returns_ok_true_status_200" time="1.848" /></testsuite></testsuites>