<?xml version="1.0" encoding="utf-8"?><testsuites name="pytest tests"><testsuite name="pytest" errors="0" failures="0" skipped="0" tests="5" time="3.469" timestamp="2026-03-18T19:17:05.270275+00:00" hostname="agent-env-5bd2fdca-da19-4832-87aa-c0b6a564933a"><testcase classname="backend.tests.test_membership_application.TestMembershipApplication" name="test_health_check" time="1.120" /><testcase classname="backend.tests.test_membership_application.TestMembershipApplication" name="test_membership_application_with_further_details" time="0.834" /><testcase classname="backend.tests.test_membership_application.TestMembershipApplication" name="test_membership_application_without_further_details" time="0.647" /><testcase classname="backend.tests.test_membership_application.TestMembershipApplication" name="test_membership_application_missing_required_fields" time="0.148" /><testcase classname="backend.tests.test_membership_application.TestMembershipApplication" name="test_further_details_field_in_model" time="0.675" /></testsuite></testsuites>