<?xml version="1.0" encoding="utf-8"?><testsuites name="pytest tests"><testsuite name="pytest" errors="0" failures="0" skipped="0" tests="7" time="3.091" timestamp="2026-03-18T19:57:03.702261+00:00" hostname="agent-env-bed224c6-8fa1-48fe-8ffe-ac98f43caf58"><testcase classname="backend.tests.test_cors_and_membership.TestHealthEndpoint" name="test_health_returns_json_with_required_fields" time="0.620" /><testcase classname="backend.tests.test_cors_and_membership.TestCORSConfiguration" name="test_cors_preflight_no_credentials_header" time="0.115" /><testcase classname="backend.tests.test_cors_and_membership.TestCORSConfiguration" name="test_cors_post_response_no_credentials_header" time="0.559" /><testcase classname="backend.tests.test_cors_and_membership.TestMembershipApplicationEndpoint" name="test_post_valid_application_returns_success" time="0.554" /><testcase classname="backend.tests.test_cors_and_membership.TestMembershipApplicationEndpoint" name="test_post_application_with_all_optional_fields" time="0.584" /><testcase classname="backend.tests.test_cors_and_membership.TestMembershipApplicationEndpoint" name="test_post_application_with_multiple_network_interests" time="0.489" /><testcase classname="backend.tests.test_cors_and_membership.TestMembershipApplicationEndpoint" name="test_post_missing_required_field_returns_error" time="0.111" /></testsuite></testsuites>